<?xml version="1.0" encoding="UTF-8"?>
<!-- Generated by org.testng.reporters.JUnitXMLReporter -->
<testsuite ignored="0" name="Test" tests="3" failures="0" timestamp="23 Aug 2019 04:32:11 GMT" time="29.412" errors="0">
  <testcase name="HospitalRoles" time="6.31" classname="com.instahmsmasters.testcases.TC_001_hospitalAdminMasters"/>
  <testcase name="department" time="3.332" classname="com.instahmsmasters.testcases.TC_002_departmentMaster"/>
  <testcase name="createDischargeType" time="2.588" classname="com.instahmsmasters.testcases.TC_003_dischargeTypes"/>
</testsuite> <!-- Test -->
