<?xml version="1.0" encoding="UTF-8"?>
<testng-results skipped="0" failed="0" ignored="0" total="1" passed="1">
  <reporter-output>
  </reporter-output>
  <suite name="Default suite" duration-ms="9251" started-at="2019-08-23T06:06:18Z" finished-at="2019-08-23T06:06:27Z">
    <groups>
    </groups>
    <test name="Default test" duration-ms="9251" started-at="2019-08-23T06:06:18Z" finished-at="2019-08-23T06:06:27Z">
      <class name="com.instahmsmasters.testcases.TC_003_dischargeTypes">
        <test-method status="PASS" signature="OpenAppAndLogin()[pri:0, instance:com.instahmsmasters.testcases.TC_003_dischargeTypes@e25b2fe]" name="OpenAppAndLogin" is-config="true" duration-ms="6703" started-at="2019-08-23T06:06:18Z" finished-at="2019-08-23T06:06:25Z">
          <reporter-output>
          </reporter-output>
        </test-method> <!-- OpenAppAndLogin -->
        <test-method status="PASS" signature="createDischargeType()[pri:1, instance:com.instahmsmasters.testcases.TC_003_dischargeTypes@e25b2fe]" name="createDischargeType" duration-ms="2368" started-at="2019-08-23T06:06:25Z" finished-at="2019-08-23T06:06:27Z">
          <reporter-output>
          </reporter-output>
        </test-method> <!-- createDischargeType -->
        <test-method status="PASS" signature="closeApp()[pri:0, instance:com.instahmsmasters.testcases.TC_003_dischargeTypes@e25b2fe]" name="closeApp" is-config="true" duration-ms="126" started-at="2019-08-23T06:06:27Z" finished-at="2019-08-23T06:06:27Z">
          <reporter-output>
          </reporter-output>
        </test-method> <!-- closeApp -->
      </class> <!-- com.instahmsmasters.testcases.TC_003_dischargeTypes -->
    </test> <!-- Default test -->
  </suite> <!-- Default suite -->
</testng-results>
