<?xml version="1.0" encoding="UTF-8"?>
<testng-results skipped="0" failed="0" ignored="0" total="1" passed="1">
  <reporter-output>
  </reporter-output>
  <suite name="Default suite" duration-ms="17561" started-at="2019-12-18T13:41:25Z" finished-at="2019-12-18T13:41:42Z">
    <groups>
    </groups>
    <test name="Default test" duration-ms="17561" started-at="2019-12-18T13:41:25Z" finished-at="2019-12-18T13:41:42Z">
      <class name="com.Settings.InstaMasters.instahmsmasters.testcases.TC_003_dischargeTypes">
        <test-method status="PASS" signature="OpenAppAndLogin()[pri:0, instance:com.Settings.InstaMasters.instahmsmasters.testcases.TC_003_dischargeTypes@e25b2fe]" name="OpenAppAndLogin" is-config="true" duration-ms="14253" started-at="2019-12-18T13:41:25Z" finished-at="2019-12-18T13:41:39Z">
          <reporter-output>
          </reporter-output>
        </test-method> <!-- OpenAppAndLogin -->
        <test-method status="PASS" signature="createDischargeType()[pri:1, instance:com.Settings.InstaMasters.instahmsmasters.testcases.TC_003_dischargeTypes@e25b2fe]" name="createDischargeType" duration-ms="2987" started-at="2019-12-18T13:41:39Z" finished-at="2019-12-18T13:41:42Z">
          <reporter-output>
          </reporter-output>
        </test-method> <!-- createDischargeType -->
        <test-method status="PASS" signature="closeApp()[pri:0, instance:com.Settings.InstaMasters.instahmsmasters.testcases.TC_003_dischargeTypes@e25b2fe]" name="closeApp" is-config="true" duration-ms="219" started-at="2019-12-18T13:41:42Z" finished-at="2019-12-18T13:41:42Z">
          <reporter-output>
          </reporter-output>
        </test-method> <!-- closeApp -->
      </class> <!-- com.Settings.InstaMasters.instahmsmasters.testcases.TC_003_dischargeTypes -->
    </test> <!-- Default test -->
  </suite> <!-- Default suite -->
</testng-results>
